<?xml version="1.0" encoding="UTF-8"?>
<testng-results skipped="0" failed="0" ignored="0" total="1" passed="1">
  <reporter-output>
  </reporter-output>
  <suite name="Default suite" duration-ms="16957" started-at="2020-01-06T15:43:15Z" finished-at="2020-01-06T15:43:32Z">
    <groups>
    </groups>
    <test name="Default test" duration-ms="16957" started-at="2020-01-06T15:43:15Z" finished-at="2020-01-06T15:43:32Z">
      <class name="tests.PopupTest">
        <test-method status="PASS" signature="Popup_window()[pri:0, instance:tests.PopupTest@523884b2]" name="Popup_window" duration-ms="16905" started-at="2020-01-06T15:43:15Z" finished-at="2020-01-06T15:43:32Z">
          <reporter-output>
          </reporter-output>
        </test-method> <!-- Popup_window -->
      </class> <!-- tests.PopupTest -->
    </test> <!-- Default test -->
  </suite> <!-- Default suite -->
</testng-results>
